########### array before sorts ###########
0	0.000000	0.000000	45.644000	-0.127000	n
1	45.644000	-0.127000	45.644000	54.473000	n
2	45.644000	54.473000	0.000000	54.600000	n
3	0.000000	54.600000	0.000000	0.000000	n
Tolerance=0.050000.
*Exact match for i=0 and j=1.
*i point 0.000000	0.000000	45.644000	-0.127000	y
*Exact match for i=1 and j=2.
*i point 45.644000	-0.127000	45.644000	54.473000	y
*Exact match for i=2 and j=3.
*i point 45.644000	54.473000	0.000000	54.600000	y
########### array after sorts ###########
0	0.000000	0.000000	45.644000	-0.127000	y
1	45.644000	-0.127000	45.644000	54.473000	y
2	45.644000	54.473000	0.000000	54.600000	y
3	0.000000	54.600000	0.000000	0.000000	y
***************
.BOARD_OUTLINE UNOWNED
1.6
0     0.000000     0.000000     0
0     45.644000     -0.127000     0
0     45.644000     54.473000     0
0     0.000000     54.600000     0
0     0.000000     0.000000     0
